Created by PLY version 3.4 (http://www.dabeaz.com/ply)

Unused terminals:

    VIRIDIS
    CAERULEUM
    NIGRUM
    RUFUS

Grammar

Rule 0     S' -> programme
Rule 1     programme -> statement
Rule 2     programme -> statement < programme
Rule 3     statement -> expression
Rule 4     statement -> structure
Rule 5     expression -> MOTIF . VALUE . COLOR
Rule 6     expression -> CIRCUMACTIO . NUMBER
Rule 7     expression -> deplacement
Rule 8     expression -> INITIUM
Rule 9     deplacement -> IRE . NUMBER . NUMBER
Rule 10    VALUE -> NUMBER
Rule 11    VALUE -> GRADUS_
Rule 12    GRADUS_ -> GRADUS : NUMBER
Rule 13    structure -> QUIA . NUMBER . NUMBER . NUMBER < programme FINIS

Terminals, with rules where they appear

.                    : 5 5 6 9 9 13 13 13
:                    : 12
<                    : 2 13
CAERULEUM            : 
CIRCUMACTIO          : 6
COLOR                : 5
FINIS                : 13
GRADUS               : 12
INITIUM              : 8
IRE                  : 9
MOTIF                : 5
NIGRUM               : 
NUMBER               : 6 9 9 10 12 13 13 13
QUIA                 : 13
RUFUS                : 
VIRIDIS              : 
error                : 

Nonterminals, with rules where they appear

GRADUS_              : 11
VALUE                : 5
deplacement          : 7
expression           : 3
programme            : 2 13 0
statement            : 1 2
structure            : 4

Parsing method: LALR

state 0

    (0) S' -> . programme
    (1) programme -> . statement
    (2) programme -> . statement < programme
    (3) statement -> . expression
    (4) statement -> . structure
    (5) expression -> . MOTIF . VALUE . COLOR
    (6) expression -> . CIRCUMACTIO . NUMBER
    (7) expression -> . deplacement
    (8) expression -> . INITIUM
    (13) structure -> . QUIA . NUMBER . NUMBER . NUMBER < programme FINIS
    (9) deplacement -> . IRE . NUMBER . NUMBER

    MOTIF           shift and go to state 1
    CIRCUMACTIO     shift and go to state 3
    INITIUM         shift and go to state 2
    QUIA            shift and go to state 5
    IRE             shift and go to state 7

    statement                      shift and go to state 6
    expression                     shift and go to state 8
    deplacement                    shift and go to state 4
    structure                      shift and go to state 9
    programme                      shift and go to state 10

state 1

    (5) expression -> MOTIF . . VALUE . COLOR

    .               shift and go to state 11


state 2

    (8) expression -> INITIUM .

    <               reduce using rule 8 (expression -> INITIUM .)
    $end            reduce using rule 8 (expression -> INITIUM .)
    FINIS           reduce using rule 8 (expression -> INITIUM .)


state 3

    (6) expression -> CIRCUMACTIO . . NUMBER

    .               shift and go to state 12


state 4

    (7) expression -> deplacement .

    <               reduce using rule 7 (expression -> deplacement .)
    $end            reduce using rule 7 (expression -> deplacement .)
    FINIS           reduce using rule 7 (expression -> deplacement .)


state 5

    (13) structure -> QUIA . . NUMBER . NUMBER . NUMBER < programme FINIS

    .               shift and go to state 13


state 6

    (1) programme -> statement .
    (2) programme -> statement . < programme

    $end            reduce using rule 1 (programme -> statement .)
    FINIS           reduce using rule 1 (programme -> statement .)
    <               shift and go to state 14


state 7

    (9) deplacement -> IRE . . NUMBER . NUMBER

    .               shift and go to state 15


state 8

    (3) statement -> expression .

    <               reduce using rule 3 (statement -> expression .)
    $end            reduce using rule 3 (statement -> expression .)
    FINIS           reduce using rule 3 (statement -> expression .)


state 9

    (4) statement -> structure .

    <               reduce using rule 4 (statement -> structure .)
    $end            reduce using rule 4 (statement -> structure .)
    FINIS           reduce using rule 4 (statement -> structure .)


state 10

    (0) S' -> programme .



state 11

    (5) expression -> MOTIF . . VALUE . COLOR
    (10) VALUE -> . NUMBER
    (11) VALUE -> . GRADUS_
    (12) GRADUS_ -> . GRADUS : NUMBER

    NUMBER          shift and go to state 17
    GRADUS          shift and go to state 16

    GRADUS_                        shift and go to state 19
    VALUE                          shift and go to state 18

state 12

    (6) expression -> CIRCUMACTIO . . NUMBER

    NUMBER          shift and go to state 20


state 13

    (13) structure -> QUIA . . NUMBER . NUMBER . NUMBER < programme FINIS

    NUMBER          shift and go to state 21


state 14

    (2) programme -> statement < . programme
    (1) programme -> . statement
    (2) programme -> . statement < programme
    (3) statement -> . expression
    (4) statement -> . structure
    (5) expression -> . MOTIF . VALUE . COLOR
    (6) expression -> . CIRCUMACTIO . NUMBER
    (7) expression -> . deplacement
    (8) expression -> . INITIUM
    (13) structure -> . QUIA . NUMBER . NUMBER . NUMBER < programme FINIS
    (9) deplacement -> . IRE . NUMBER . NUMBER

    MOTIF           shift and go to state 1
    CIRCUMACTIO     shift and go to state 3
    INITIUM         shift and go to state 2
    QUIA            shift and go to state 5
    IRE             shift and go to state 7

    statement                      shift and go to state 6
    expression                     shift and go to state 8
    deplacement                    shift and go to state 4
    structure                      shift and go to state 9
    programme                      shift and go to state 22

state 15

    (9) deplacement -> IRE . . NUMBER . NUMBER

    NUMBER          shift and go to state 23


state 16

    (12) GRADUS_ -> GRADUS . : NUMBER

    :               shift and go to state 24


state 17

    (10) VALUE -> NUMBER .

    .               reduce using rule 10 (VALUE -> NUMBER .)


state 18

    (5) expression -> MOTIF . VALUE . . COLOR

    .               shift and go to state 25


state 19

    (11) VALUE -> GRADUS_ .

    .               reduce using rule 11 (VALUE -> GRADUS_ .)


state 20

    (6) expression -> CIRCUMACTIO . NUMBER .

    <               reduce using rule 6 (expression -> CIRCUMACTIO . NUMBER .)
    $end            reduce using rule 6 (expression -> CIRCUMACTIO . NUMBER .)
    FINIS           reduce using rule 6 (expression -> CIRCUMACTIO . NUMBER .)


state 21

    (13) structure -> QUIA . NUMBER . . NUMBER . NUMBER < programme FINIS

    .               shift and go to state 26


state 22

    (2) programme -> statement < programme .

    $end            reduce using rule 2 (programme -> statement < programme .)
    FINIS           reduce using rule 2 (programme -> statement < programme .)


state 23

    (9) deplacement -> IRE . NUMBER . . NUMBER

    .               shift and go to state 27


state 24

    (12) GRADUS_ -> GRADUS : . NUMBER

    NUMBER          shift and go to state 28


state 25

    (5) expression -> MOTIF . VALUE . . COLOR

    COLOR           shift and go to state 29


state 26

    (13) structure -> QUIA . NUMBER . . NUMBER . NUMBER < programme FINIS

    NUMBER          shift and go to state 30


state 27

    (9) deplacement -> IRE . NUMBER . . NUMBER

    NUMBER          shift and go to state 31


state 28

    (12) GRADUS_ -> GRADUS : NUMBER .

    .               reduce using rule 12 (GRADUS_ -> GRADUS : NUMBER .)


state 29

    (5) expression -> MOTIF . VALUE . COLOR .

    <               reduce using rule 5 (expression -> MOTIF . VALUE . COLOR .)
    $end            reduce using rule 5 (expression -> MOTIF . VALUE . COLOR .)
    FINIS           reduce using rule 5 (expression -> MOTIF . VALUE . COLOR .)


state 30

    (13) structure -> QUIA . NUMBER . NUMBER . . NUMBER < programme FINIS

    .               shift and go to state 32


state 31

    (9) deplacement -> IRE . NUMBER . NUMBER .

    <               reduce using rule 9 (deplacement -> IRE . NUMBER . NUMBER .)
    FINIS           reduce using rule 9 (deplacement -> IRE . NUMBER . NUMBER .)
    $end            reduce using rule 9 (deplacement -> IRE . NUMBER . NUMBER .)


state 32

    (13) structure -> QUIA . NUMBER . NUMBER . . NUMBER < programme FINIS

    NUMBER          shift and go to state 33


state 33

    (13) structure -> QUIA . NUMBER . NUMBER . NUMBER . < programme FINIS

    <               shift and go to state 34


state 34

    (13) structure -> QUIA . NUMBER . NUMBER . NUMBER < . programme FINIS
    (1) programme -> . statement
    (2) programme -> . statement < programme
    (3) statement -> . expression
    (4) statement -> . structure
    (5) expression -> . MOTIF . VALUE . COLOR
    (6) expression -> . CIRCUMACTIO . NUMBER
    (7) expression -> . deplacement
    (8) expression -> . INITIUM
    (13) structure -> . QUIA . NUMBER . NUMBER . NUMBER < programme FINIS
    (9) deplacement -> . IRE . NUMBER . NUMBER

    MOTIF           shift and go to state 1
    CIRCUMACTIO     shift and go to state 3
    INITIUM         shift and go to state 2
    QUIA            shift and go to state 5
    IRE             shift and go to state 7

    statement                      shift and go to state 6
    expression                     shift and go to state 8
    deplacement                    shift and go to state 4
    structure                      shift and go to state 9
    programme                      shift and go to state 35

state 35

    (13) structure -> QUIA . NUMBER . NUMBER . NUMBER < programme . FINIS

    FINIS           shift and go to state 36


state 36

    (13) structure -> QUIA . NUMBER . NUMBER . NUMBER < programme FINIS .

    <               reduce using rule 13 (structure -> QUIA . NUMBER . NUMBER . NUMBER < programme FINIS .)
    FINIS           reduce using rule 13 (structure -> QUIA . NUMBER . NUMBER . NUMBER < programme FINIS .)
    $end            reduce using rule 13 (structure -> QUIA . NUMBER . NUMBER . NUMBER < programme FINIS .)

